Traceback (most recent call last):
  File "<string>", line 3, in <module>
  File "/u6/cjrisi/nocturnal/src/data/diabetes_datasets/data_loader.py", line 134, in get_loader
    return AleppoDataLoader(
           ^^^^^^^^^^^^^^^^^
  File "/u6/cjrisi/nocturnal/src/data/diabetes_datasets/awesome_cgm/aleppo/aleppo.py", line 53, in __init__
    self.load_data()
  File "/u6/cjrisi/nocturnal/src/data/diabetes_datasets/awesome_cgm/aleppo/aleppo.py", line 84, in load_data
    self._process_and_cache_data()
  File "/u6/cjrisi/nocturnal/src/data/diabetes_datasets/awesome_cgm/aleppo/aleppo.py", line 102, in _process_and_cache_data
    self.load_raw()
  File "/u6/cjrisi/nocturnal/src/data/diabetes_datasets/awesome_cgm/aleppo/aleppo.py", line 93, in load_raw
    self.raw_data_path = self.cache_manager.ensure_raw_data(
                         ^^^^^^^^^^^^^^^^^^^^^^^^^^^^^^^^^^^
  File "/u6/cjrisi/nocturnal/src/data/cache_manager.py", line 138, in ensure_raw_data
    raw_path = self.get_raw_data_path(dataset_name)
               ^^^^^^^^^^^^^^^^^^^^^^^^^^^^^^^^^^^^
  File "/u6/cjrisi/nocturnal/.noctprob-venv/lib/python3.11/site-packages/typing_extensions.py", line 3004, in wrapper
    return arg(*args, **kwargs)
           ^^^^^^^^^^^^^^^^^^^^
  File "/u6/cjrisi/nocturnal/src/data/cache_manager.py", line 108, in get_raw_data_path
    return self.get_absolute_path_by_type(dataset_name, "raw")
           ^^^^^^^^^^^^^^^^^^^^^^^^^^^^^^^^^^^^^^^^^^^^^^^^^^^
  File "/u6/cjrisi/nocturnal/src/data/cache_manager.py", line 102, in get_absolute_path_by_type
    relative_cache_path = config.cache_path
                          ^^^^^^^^^^^^^^^^^
AttributeError: 'dict' object has no attribute 'cache_path'
