Job ID: 1337265
Node: watgpu608
Start time: Thu Jul 10 10:39:53 PM UTC 2025
CPUs allocated: 4
Memory allocated: 16384 MB
Activating virtual environment...
Python version: Python 3.11.4
Working directory: /u6/cjrisi/nocturnal
Using config file: scripts/training/configs/arima_config.yaml
Training on all available patients
Starting statistical model training...
Training StatsForecastAutoARIMA model on kaggle_brisT1D dataset...
Training on 15 patients...
Training StatsForecastAutoARIMA model...
Data loader type: <class 'src.data.datasets.kaggle_bris_t1d.bris_t1d.BrisT1DDataLoader'>
Using train_data attribute
Full data shape: (140160, 15)
Full data columns: ['datetime', 'id', 'p_num', 'time', 'bg-0:00', 'insulin-0:00', 'carbs-0:00', 'hr-0:00', 'steps-0:00', 'cals-0:00', 'activity-0:00', 'cob', 'carb_availability', 'insulin_availability', 'iob']
Filtered data for patients ['datetime', 'id', 'p_num', 'time', 'bg-0:00', 'insulin-0:00', 'carbs-0:00', 'hr-0:00', 'steps-0:00', 'cals-0:00', 'activity-0:00', 'cob', 'carb_availability', 'insulin_availability', 'iob']: (0, 15)
Error during training: No training data available
Training failed with exit code: 1
