=== Environment Check ===
/u6/cjrisi/nocturnal/.noctprob-venv/bin/python
Python 3.11.4
Python path: /u6/cjrisi/nocturnal/.noctprob-venv/bin/python
==========================
-------------------- Preparing data... --------------------

Found 9 processed CSV files in /u6/cjrisi/nocturnal/cache/data/kaggle_brisT1D/processed
Loaded p10_full: 25803 rows
Loaded p11_full: 25559 rows
Loaded p01_full: 8711 rows
Loaded p06_full: 8791 rows
Loaded p05_full: 8808 rows
Loaded p12_full: 26371 rows
Loaded p02_full: 26423 rows
Loaded p04_full: 24983 rows
Loaded p03_full: 26423 rows
Successfully loaded 9 patients
Processing patient p10_full...
Processing patient p11_full...
Processing patient p12_full...
Processing patient p02_full...
Processing patient p04_full...
Processing patient p03_full...
Data length: 155562
Split config: Train 85.0%, Test 10.0%
Data ids: ['p10_full' 'p11_full' 'p12_full' 'p02_full' 'p04_full' 'p03_full']
Data processing complete
-------------------- Preparing model... --------------------

Model path: ibm-granite/granite-timeseries-ttm-r2
-------------------- Running few-shot 100% --------------------

Number of params before freezing backbone 805280
Number of params after freezing the backbone 289696
Using learning rate = 0.001
Training for 5 epochs
-------------------- Fine-tuning... --------------------

Starting new training run in output directory: /u6/cjrisi/nocturnal/models/ttm/kaggle_brisT1D/2025-10-01_17-11-32
{'loss': 0.804, 'grad_norm': 0.8206503987312317, 'learning_rate': 0.001, 'epoch': 0.0, 'timestamp': 1759338761.8360019, 'custom_batch_size': 128, 'custom_learning_rate': 0.001}
{'loss': 0.8532, 'grad_norm': 0.19209247827529907, 'learning_rate': 0.0009901483535267252, 'epoch': 0.1, 'timestamp': 1759338763.4616227, 'custom_batch_size': 128, 'custom_learning_rate': 0.001}
{'loss': 0.8463, 'grad_norm': 0.20077277719974518, 'learning_rate': 0.0009802957226154841, 'epoch': 0.2, 'timestamp': 1759338765.2125964, 'custom_batch_size': 128, 'custom_learning_rate': 0.001}
{'loss': 0.8436, 'grad_norm': 0.26811039447784424, 'learning_rate': 0.0009705411318974409, 'epoch': 0.3, 'timestamp': 1759338766.961308, 'custom_batch_size': 128, 'custom_learning_rate': 0.001}
{'loss': 0.8424, 'grad_norm': 0.20180025696754456, 'learning_rate': 0.0009608836058078363, 'epoch': 0.4, 'timestamp': 1759338768.7287006, 'custom_batch_size': 128, 'custom_learning_rate': 0.001}
{'loss': 0.8371, 'grad_norm': 0.22279097139835358, 'learning_rate': 0.0009513221784894295, 'epoch': 0.5, 'timestamp': 1759338770.4753132, 'custom_batch_size': 128, 'custom_learning_rate': 0.001}
DEBUG: eval_pred type: <class 'transformers.trainer_utils.EvalPrediction'>
DEBUG: eval_pred length: N/A
DEBUG: predictions type: <class 'tuple'>, shape: No shape attr
DEBUG: labels type: <class 'tuple'>, shape: No shape attr
DEBUG: Using .predictions and .label_ids attributes
DEBUG: predictions is tuple/list with length: 5
DEBUG: first prediction element type: <class 'numpy.ndarray'>
DEBUG: first prediction element shape: (7213, 96, 6)
DEBUG: labels is tuple/list with length: 0
DEBUG: Cannot extract labels from tuple/list
{'eval_loss': 1.1864094734191895, 'eval_custom_error': 'Cannot extract labels from complex structure', 'eval_runtime': 63.413, 'eval_samples_per_second': 113.746, 'eval_steps_per_second': 0.899, 'epoch': 0.5, 'timestamp': 1759338833.8892055, 'custom_batch_size': 128, 'custom_learning_rate': 0.001}
{'loss': 0.8477, 'grad_norm': 0.22145777940750122, 'learning_rate': 0.0009418558936958948, 'epoch': 0.6, 'timestamp': 1759338835.608797, 'custom_batch_size': 128, 'custom_learning_rate': 0.001}
{'loss': 0.8418, 'grad_norm': 0.22138464450836182, 'learning_rate': 0.0009324838046961915, 'epoch': 0.7, 'timestamp': 1759338837.471032, 'custom_batch_size': 128, 'custom_learning_rate': 0.001}
{'loss': 0.8204, 'grad_norm': 0.1980348378419876, 'learning_rate': 0.0009232049741798791, 'epoch': 0.8, 'timestamp': 1759338839.473876, 'custom_batch_size': 128, 'custom_learning_rate': 0.001}
{'loss': 0.8199, 'grad_norm': 0.20254118740558624, 'learning_rate': 0.0009140184741633745, 'epoch': 0.9, 'timestamp': 1759338841.485376, 'custom_batch_size': 128, 'custom_learning_rate': 0.001}
{'loss': 0.8258, 'grad_norm': 0.2106190174818039, 'learning_rate': 0.0009049233858971455, 'epoch': 1.0, 'timestamp': 1759338843.3528655, 'custom_batch_size': 128, 'custom_learning_rate': 0.001}
DEBUG: eval_pred type: <class 'transformers.trainer_utils.EvalPrediction'>
DEBUG: eval_pred length: N/A
DEBUG: predictions type: <class 'tuple'>, shape: No shape attr
DEBUG: labels type: <class 'tuple'>, shape: No shape attr
DEBUG: Using .predictions and .label_ids attributes
DEBUG: predictions is tuple/list with length: 5
DEBUG: first prediction element type: <class 'numpy.ndarray'>
DEBUG: first prediction element shape: (7213, 96, 6)
DEBUG: labels is tuple/list with length: 0
DEBUG: Cannot extract labels from tuple/list
{'eval_loss': 1.179275631904602, 'eval_custom_error': 'Cannot extract labels from complex structure', 'eval_runtime': 62.9576, 'eval_samples_per_second': 114.569, 'eval_steps_per_second': 0.905, 'epoch': 1.0, 'timestamp': 1759338906.3111012, 'custom_batch_size': 128, 'custom_learning_rate': 0.001}
{'loss': 0.843, 'grad_norm': 0.2962464392185211, 'learning_rate': 0.000895918799773826, 'epoch': 1.09, 'timestamp': 1759338972.7514756, 'custom_batch_size': 128, 'custom_learning_rate': 0.001}
{'loss': 0.8429, 'grad_norm': 0.25362762808799744, 'learning_rate': 0.0008870038152372441, 'epoch': 1.19, 'timestamp': 1759338973.9994967, 'custom_batch_size': 128, 'custom_learning_rate': 0.001}
{'loss': 0.8227, 'grad_norm': 0.1890212893486023, 'learning_rate': 0.0008781775406923574, 'epoch': 1.29, 'timestamp': 1759338975.3068833, 'custom_batch_size': 128, 'custom_learning_rate': 0.001}
{'loss': 0.8303, 'grad_norm': 0.2160649448633194, 'learning_rate': 0.0008694390934160834, 'epoch': 1.39, 'timestamp': 1759338976.614026, 'custom_batch_size': 128, 'custom_learning_rate': 0.001}
{'loss': 0.8272, 'grad_norm': 0.31658971309661865, 'learning_rate': 0.0008607875994690192, 'epoch': 1.49, 'timestamp': 1759338977.8358037, 'custom_batch_size': 128, 'custom_learning_rate': 0.001}
DEBUG: eval_pred type: <class 'transformers.trainer_utils.EvalPrediction'>
DEBUG: eval_pred length: N/A
DEBUG: predictions type: <class 'tuple'>, shape: No shape attr
DEBUG: labels type: <class 'tuple'>, shape: No shape attr
DEBUG: Using .predictions and .label_ids attributes
DEBUG: predictions is tuple/list with length: 5
DEBUG: first prediction element type: <class 'numpy.ndarray'>
DEBUG: first prediction element shape: (7213, 96, 6)
DEBUG: labels is tuple/list with length: 0
DEBUG: Cannot extract labels from tuple/list
{'eval_loss': 1.1854826211929321, 'eval_custom_error': 'Cannot extract labels from complex structure', 'eval_runtime': 61.8282, 'eval_samples_per_second': 116.662, 'eval_steps_per_second': 0.922, 'epoch': 1.49, 'timestamp': 1759339039.6645138, 'custom_batch_size': 128, 'custom_learning_rate': 0.001}
{'loss': 0.8307, 'grad_norm': 0.22930292785167694, 'learning_rate': 0.0008522221936080363, 'epoch': 1.59, 'timestamp': 1759339040.8946097, 'custom_batch_size': 128, 'custom_learning_rate': 0.001}
{'loss': 0.82, 'grad_norm': 0.21893763542175293, 'learning_rate': 0.0008437420191997465, 'epoch': 1.69, 'timestamp': 1759339042.2608502, 'custom_batch_size': 128, 'custom_learning_rate': 0.001}
{'loss': 0.8222, 'grad_norm': 0.2261067032814026, 'learning_rate': 0.0008353462281348318, 'epoch': 1.79, 'timestamp': 1759339043.6217752, 'custom_batch_size': 128, 'custom_learning_rate': 0.001}
{'loss': 0.808, 'grad_norm': 0.19464923441410065, 'learning_rate': 0.0008270339807432219, 'epoch': 1.89, 'timestamp': 1759339044.985202, 'custom_batch_size': 128, 'custom_learning_rate': 0.001}
{'loss': 0.8365, 'grad_norm': 0.2426876723766327, 'learning_rate': 0.0008188044457101195, 'epoch': 1.99, 'timestamp': 1759339046.3337054, 'custom_batch_size': 128, 'custom_learning_rate': 0.001}
DEBUG: eval_pred type: <class 'transformers.trainer_utils.EvalPrediction'>
DEBUG: eval_pred length: N/A
DEBUG: predictions type: <class 'tuple'>, shape: No shape attr
DEBUG: labels type: <class 'tuple'>, shape: No shape attr
DEBUG: Using .predictions and .label_ids attributes
DEBUG: predictions is tuple/list with length: 5
DEBUG: first prediction element type: <class 'numpy.ndarray'>
DEBUG: first prediction element shape: (7213, 96, 6)
DEBUG: labels is tuple/list with length: 0
DEBUG: Cannot extract labels from tuple/list
{'eval_loss': 1.1750019788742065, 'eval_custom_error': 'Cannot extract labels from complex structure', 'eval_runtime': 62.1573, 'eval_samples_per_second': 116.044, 'eval_steps_per_second': 0.917, 'epoch': 1.99, 'timestamp': 1759339108.4914005, 'custom_batch_size': 128, 'custom_learning_rate': 0.001}
{'loss': 0.8324, 'grad_norm': 0.34833359718322754, 'learning_rate': 0.0008106567999928592, 'epoch': 2.09, 'timestamp': 1759339174.9688456, 'custom_batch_size': 128, 'custom_learning_rate': 0.001}
{'loss': 0.8224, 'grad_norm': 0.2109411507844925, 'learning_rate': 0.000802590228738594, 'epoch': 2.19, 'timestamp': 1759339176.7233725, 'custom_batch_size': 128, 'custom_learning_rate': 0.001}
{'loss': 0.838, 'grad_norm': 0.25415220856666565, 'learning_rate': 0.0007946039252028022, 'epoch': 2.29, 'timestamp': 1759339178.2028263, 'custom_batch_size': 128, 'custom_learning_rate': 0.001}
{'loss': 0.8094, 'grad_norm': 0.24356475472450256, 'learning_rate': 0.0007866970906686023, 'epoch': 2.39, 'timestamp': 1759339179.949294, 'custom_batch_size': 128, 'custom_learning_rate': 0.001}
{'loss': 0.8226, 'grad_norm': 0.2164393961429596, 'learning_rate': 0.0007788689343668761, 'epoch': 2.49, 'timestamp': 1759339181.700666, 'custom_batch_size': 128, 'custom_learning_rate': 0.001}
DEBUG: eval_pred type: <class 'transformers.trainer_utils.EvalPrediction'>
DEBUG: eval_pred length: N/A
DEBUG: predictions type: <class 'tuple'>, shape: No shape attr
DEBUG: labels type: <class 'tuple'>, shape: No shape attr
DEBUG: Using .predictions and .label_ids attributes
DEBUG: predictions is tuple/list with length: 5
DEBUG: first prediction element type: <class 'numpy.ndarray'>
DEBUG: first prediction element shape: (7213, 96, 6)
DEBUG: labels is tuple/list with length: 0
DEBUG: Cannot extract labels from tuple/list
{'eval_loss': 1.1691138744354248, 'eval_custom_error': 'Cannot extract labels from complex structure', 'eval_runtime': 61.2947, 'eval_samples_per_second': 117.677, 'eval_steps_per_second': 0.93, 'epoch': 2.49, 'timestamp': 1759339242.996125, 'custom_batch_size': 128, 'custom_learning_rate': 0.001}
{'loss': 0.8194, 'grad_norm': 0.24233336746692657, 'learning_rate': 0.0007711186733971792, 'epoch': 2.59, 'timestamp': 1759339244.3646543, 'custom_batch_size': 128, 'custom_learning_rate': 0.001}
{'loss': 0.8218, 'grad_norm': 0.28676947951316833, 'learning_rate': 0.0007634455326494451, 'epoch': 2.69, 'timestamp': 1759339245.7088256, 'custom_batch_size': 128, 'custom_learning_rate': 0.001}
{'loss': 0.8248, 'grad_norm': 0.35671466588974, 'learning_rate': 0.0007558487447264661, 'epoch': 2.79, 'timestamp': 1759339247.0983527, 'custom_batch_size': 128, 'custom_learning_rate': 0.001}
{'loss': 0.8195, 'grad_norm': 0.21012915670871735, 'learning_rate': 0.000748327549867141, 'epoch': 2.89, 'timestamp': 1759339248.4862263, 'custom_batch_size': 128, 'custom_learning_rate': 0.001}
{'loss': 0.8157, 'grad_norm': 0.23923155665397644, 'learning_rate': 0.000740881195870498, 'epoch': 2.99, 'timestamp': 1759339249.7574816, 'custom_batch_size': 128, 'custom_learning_rate': 0.001}
DEBUG: eval_pred type: <class 'transformers.trainer_utils.EvalPrediction'>
DEBUG: eval_pred length: N/A
DEBUG: predictions type: <class 'tuple'>, shape: No shape attr
DEBUG: labels type: <class 'tuple'>, shape: No shape attr
DEBUG: Using .predictions and .label_ids attributes
DEBUG: predictions is tuple/list with length: 5
DEBUG: first prediction element type: <class 'numpy.ndarray'>
DEBUG: first prediction element shape: (7213, 96, 6)
DEBUG: labels is tuple/list with length: 0
DEBUG: Cannot extract labels from tuple/list
{'eval_loss': 1.1738394498825073, 'eval_custom_error': 'Cannot extract labels from complex structure', 'eval_runtime': 61.1081, 'eval_samples_per_second': 118.037, 'eval_steps_per_second': 0.933, 'epoch': 2.99, 'timestamp': 1759339310.8659918, 'custom_batch_size': 128, 'custom_learning_rate': 0.001}
{'loss': 0.8106, 'grad_norm': 0.18880784511566162, 'learning_rate': 0.0007335089380204594, 'epoch': 3.08, 'timestamp': 1759339376.2031913, 'custom_batch_size': 128, 'custom_learning_rate': 0.001}
{'loss': 0.8373, 'grad_norm': 0.25560685992240906, 'learning_rate': 0.0007262100390113666, 'epoch': 3.18, 'timestamp': 1759339377.6056302, 'custom_batch_size': 128, 'custom_learning_rate': 0.001}
{'loss': 0.8161, 'grad_norm': 0.23982134461402893, 'learning_rate': 0.0007189837688742388, 'epoch': 3.28, 'timestamp': 1759339379.1779711, 'custom_batch_size': 128, 'custom_learning_rate': 0.001}
{'loss': 0.8196, 'grad_norm': 0.2660304009914398, 'learning_rate': 0.0007118294049037708, 'epoch': 3.38, 'timestamp': 1759339380.923555, 'custom_batch_size': 128, 'custom_learning_rate': 0.001}
{'loss': 0.8149, 'grad_norm': 0.217176154255867, 'learning_rate': 0.0007047462315860511, 'epoch': 3.48, 'timestamp': 1759339382.6876602, 'custom_batch_size': 128, 'custom_learning_rate': 0.001}
DEBUG: eval_pred type: <class 'transformers.trainer_utils.EvalPrediction'>
DEBUG: eval_pred length: N/A
DEBUG: predictions type: <class 'tuple'>, shape: No shape attr
DEBUG: labels type: <class 'tuple'>, shape: No shape attr
DEBUG: Using .predictions and .label_ids attributes
DEBUG: predictions is tuple/list with length: 5
DEBUG: first prediction element type: <class 'numpy.ndarray'>
DEBUG: first prediction element shape: (7213, 96, 6)
DEBUG: labels is tuple/list with length: 0
DEBUG: Cannot extract labels from tuple/list
{'eval_loss': 1.1678450107574463, 'eval_custom_error': 'Cannot extract labels from complex structure', 'eval_runtime': 61.1938, 'eval_samples_per_second': 117.871, 'eval_steps_per_second': 0.931, 'epoch': 3.48, 'timestamp': 1759339443.88209, 'custom_batch_size': 128, 'custom_learning_rate': 0.001}
{'loss': 0.796, 'grad_norm': 0.24575664103031158, 'learning_rate': 0.0006977335405270059, 'epoch': 3.58, 'timestamp': 1759339445.1920407, 'custom_batch_size': 128, 'custom_learning_rate': 0.001}
{'loss': 0.8103, 'grad_norm': 0.281690776348114, 'learning_rate': 0.0006907906303815519, 'epoch': 3.68, 'timestamp': 1759339446.4956284, 'custom_batch_size': 128, 'custom_learning_rate': 0.001}
{'loss': 0.816, 'grad_norm': 0.23787838220596313, 'learning_rate': 0.0006839168067834515, 'epoch': 3.78, 'timestamp': 1759339447.8106036, 'custom_batch_size': 128, 'custom_learning_rate': 0.001}
{'loss': 0.8548, 'grad_norm': 0.20959162712097168, 'learning_rate': 0.0006771113822758709, 'epoch': 3.88, 'timestamp': 1759339449.0640552, 'custom_batch_size': 128, 'custom_learning_rate': 0.001}
{'loss': 0.8107, 'grad_norm': 0.25359204411506653, 'learning_rate': 0.000670373676242627, 'epoch': 3.98, 'timestamp': 1759339450.3238945, 'custom_batch_size': 128, 'custom_learning_rate': 0.001}
DEBUG: eval_pred type: <class 'transformers.trainer_utils.EvalPrediction'>
DEBUG: eval_pred length: N/A
DEBUG: predictions type: <class 'tuple'>, shape: No shape attr
DEBUG: labels type: <class 'tuple'>, shape: No shape attr
DEBUG: Using .predictions and .label_ids attributes
DEBUG: predictions is tuple/list with length: 5
DEBUG: first prediction element type: <class 'numpy.ndarray'>
DEBUG: first prediction element shape: (7213, 96, 6)
DEBUG: labels is tuple/list with length: 0
DEBUG: Cannot extract labels from tuple/list
{'eval_loss': 1.176385521888733, 'eval_custom_error': 'Cannot extract labels from complex structure', 'eval_runtime': 60.5828, 'eval_samples_per_second': 119.06, 'eval_steps_per_second': 0.941, 'epoch': 3.98, 'timestamp': 1759339510.9071975, 'custom_batch_size': 128, 'custom_learning_rate': 0.001}
{'loss': 0.8349, 'grad_norm': 0.2617587745189667, 'learning_rate': 0.0006637030148401164, 'epoch': 4.08, 'timestamp': 1759339576.9663045, 'custom_batch_size': 128, 'custom_learning_rate': 0.001}
{'loss': 0.8186, 'grad_norm': 0.28478822112083435, 'learning_rate': 0.0006570987309299271, 'epoch': 4.18, 'timestamp': 1759339578.8125007, 'custom_batch_size': 128, 'custom_learning_rate': 0.001}
{'loss': 0.825, 'grad_norm': 0.2975640892982483, 'learning_rate': 0.0006505601640121141, 'epoch': 4.28, 'timestamp': 1759339580.6341045, 'custom_batch_size': 128, 'custom_learning_rate': 0.001}
{'loss': 0.7959, 'grad_norm': 0.22142352163791656, 'learning_rate': 0.0006440866601591442, 'epoch': 4.38, 'timestamp': 1759339582.473533, 'custom_batch_size': 128, 'custom_learning_rate': 0.001}
{'loss': 0.8285, 'grad_norm': 0.23114542663097382, 'learning_rate': 0.0006376775719504951, 'epoch': 4.48, 'timestamp': 1759339584.2692664, 'custom_batch_size': 128, 'custom_learning_rate': 0.001}
DEBUG: eval_pred type: <class 'transformers.trainer_utils.EvalPrediction'>
DEBUG: eval_pred length: N/A
DEBUG: predictions type: <class 'tuple'>, shape: No shape attr
DEBUG: labels type: <class 'tuple'>, shape: No shape attr
DEBUG: Using .predictions and .label_ids attributes
DEBUG: predictions is tuple/list with length: 5
DEBUG: first prediction element type: <class 'numpy.ndarray'>
DEBUG: first prediction element shape: (7213, 96, 6)
DEBUG: labels is tuple/list with length: 0
DEBUG: Cannot extract labels from tuple/list
{'eval_loss': 1.1643421649932861, 'eval_custom_error': 'Cannot extract labels from complex structure', 'eval_runtime': 61.2934, 'eval_samples_per_second': 117.68, 'eval_steps_per_second': 0.93, 'epoch': 4.48, 'timestamp': 1759339645.5633337, 'custom_batch_size': 128, 'custom_learning_rate': 0.001}
{'loss': 0.8067, 'grad_norm': 0.22439981997013092, 'learning_rate': 0.0006313322584079068, 'epoch': 4.58, 'timestamp': 1759339646.8719625, 'custom_batch_size': 128, 'custom_learning_rate': 0.001}
{'loss': 0.8219, 'grad_norm': 0.382729172706604, 'learning_rate': 0.0006250500849312785, 'epoch': 4.68, 'timestamp': 1759339648.7443287, 'custom_batch_size': 128, 'custom_learning_rate': 0.001}
{'loss': 0.8185, 'grad_norm': 0.2355290949344635, 'learning_rate': 0.0006188304232351978, 'epoch': 4.78, 'timestamp': 1759339650.6113777, 'custom_batch_size': 128, 'custom_learning_rate': 0.001}
{'loss': 0.8112, 'grad_norm': 0.21147878468036652, 'learning_rate': 0.0006126726512861095, 'epoch': 4.88, 'timestamp': 1759339652.269651, 'custom_batch_size': 128, 'custom_learning_rate': 0.001}
{'loss': 0.8024, 'grad_norm': 0.26045817136764526, 'learning_rate': 0.0006065761532401028, 'epoch': 4.98, 'timestamp': 1759339653.9187918, 'custom_batch_size': 128, 'custom_learning_rate': 0.001}
DEBUG: eval_pred type: <class 'transformers.trainer_utils.EvalPrediction'>
DEBUG: eval_pred length: N/A
DEBUG: predictions type: <class 'tuple'>, shape: No shape attr
DEBUG: labels type: <class 'tuple'>, shape: No shape attr
DEBUG: Using .predictions and .label_ids attributes
DEBUG: predictions is tuple/list with length: 5
DEBUG: first prediction element type: <class 'numpy.ndarray'>
DEBUG: first prediction element shape: (7213, 96, 6)
DEBUG: labels is tuple/list with length: 0
DEBUG: Cannot extract labels from tuple/list
{'eval_loss': 1.1665172576904297, 'eval_custom_error': 'Cannot extract labels from complex structure', 'eval_runtime': 60.985, 'eval_samples_per_second': 118.275, 'eval_steps_per_second': 0.935, 'epoch': 4.98, 'timestamp': 1759339714.9043415, 'custom_batch_size': 128, 'custom_learning_rate': 0.001}
{'train_runtime': 1023.2281, 'train_samples_per_second': 628.32, 'train_steps_per_second': 4.911, 'train_loss': 0.8246618888745854, 'epoch': 5.0, 'custom_metric_example': 0.4123309444372927, 'timestamp': 1759339716.727147, 'custom_batch_size': 128, 'custom_learning_rate': 0.001}
[TrackingCallback] Mean Epoch Time = 204.643892288208 seconds, Total Train Time = 1023.2284660339355
-------------------- Evaluating... --------------------

++++++++++++++++++++ Test MSE after few-shot 100% fine-tuning ++++++++++++++++++++
DEBUG: eval_pred type: <class 'transformers.trainer_utils.EvalPrediction'>
DEBUG: eval_pred length: N/A
DEBUG: predictions type: <class 'tuple'>, shape: No shape attr
DEBUG: labels type: <class 'tuple'>, shape: No shape attr
DEBUG: Using .predictions and .label_ids attributes
DEBUG: predictions is tuple/list with length: 5
DEBUG: first prediction element type: <class 'numpy.ndarray'>
DEBUG: first prediction element shape: (14984, 96, 6)
DEBUG: labels is tuple/list with length: 0
DEBUG: Cannot extract labels from tuple/list
{'eval_loss': 0.8332228660583496, 'eval_custom_error': 'Cannot extract labels from complex structure', 'eval_runtime': 61.7907, 'eval_samples_per_second': 242.496, 'eval_steps_per_second': 1.91, 'epoch': 5.0, 'timestamp': 1759339778.5198214, 'custom_batch_size': 128, 'custom_learning_rate': 0.001}
++++++++++++++++++++++++++++++++++++++++++++++++++++++++++++
